# JRE version: OpenJDK Runtime Environment Temurin-17.0.3+7 (17.0.3+7) (build 17.0.3+7)
# Java VM: OpenJDK 64-Bit Server VM Temurin-17.0.3+7 (17.0.3+7, mixed mode, emulated-client, tiered, compressed oops, compressed class ptrs, g1 gc, windows-amd64)
GC Precious Log:
 CPUs: 4 total, 4 available
 Memory: 1898M
 Large Page Support: Disabled
 NUMA Support: Disabled
 Compressed Oops: Enabled (32-bit)
 Heap Region Size: 1M
 Heap Min Capacity: 8M
 Heap Initial Capacity: 30M
 Heap Max Capacity: 476M
 Pre-touch: Disabled
 Parallel Workers: 4
 Concurrent Workers: 1
 Concurrent Refinement Workers: 4
 Periodic GC: Disabled
Heap:
 garbage-first heap   total 78848K, used 23223K [0x00000000e2400000, 0x0000000100000000)
  region size 1024K, 1 young (1024K), 0 survivors (0K)
 Metaspace       used 41725K, committed 42176K, reserved 1089536K
  class space    used 5821K, committed 6016K, reserved 1048576K
GC Heap History (20 events):
Event: 24239.002 GC heap before
{Heap before GC invocations=465 (full 399):
 garbage-first heap   total 78848K, used 23223K [0x00000000e2400000, 0x0000000100000000)
  region size 1024K, 1 young (1024K), 0 survivors (0K)
 Metaspace       used 41725K, committed 42176K, reserved 1089536K
  class space    used 5821K, committed 6016K, reserved 1048576K
}
Event: 24239.436 GC heap after
{Heap after GC invocations=466 (full 400):
 garbage-first heap   total 78848K, used 23223K [0x00000000e2400000, 0x0000000100000000)
  region size 1024K, 0 young (0K), 0 survivors (0K)
 Metaspace       used 41725K, committed 42176K, reserved 1089536K
  class space    used 5821K, committed 6016K, reserved 1048576K
}
Event: 24249.889 GC heap before
{Heap before GC invocations=466 (full 400):
 garbage-first heap   total 78848K, used 23223K [0x00000000e2400000, 0x0000000100000000)
  region size 1024K, 1 young (1024K), 0 survivors (0K)
 Metaspace       used 41725K, committed 42176K, reserved 1089536K
  class space    used 5821K, committed 6016K, reserved 1048576K
}
Event: 24250.141 GC heap after
{Heap after GC invocations=467 (full 401):
 garbage-first heap   total 78848K, used 23223K [0x00000000e2400000, 0x0000000100000000)
  region size 1024K, 0 young (0K), 0 survivors (0K)
 Metaspace       used 41725K, committed 42176K, reserved 1089536K
  class space    used 5821K, committed 6016K, reserved 1048576K
}
Event: 24260.556 GC heap before
{Heap before GC invocations=467 (full 401):
 garbage-first heap   total 78848K, used 23223K [0x00000000e2400000, 0x0000000100000000)
  region size 1024K, 1 young (1024K), 0 survivors (0K)
 Metaspace       used 41725K, committed 42176K, reserved 1089536K
  class space    used 5821K, committed 6016K, reserved 1048576K
}
Event: 24260.666 GC heap after
{Heap after GC invocations=468 (full 402):
 garbage-first heap   total 78848K, used 23223K [0x00000000e2400000, 0x0000000100000000)
  region size 1024K, 0 young (0K), 0 survivors (0K)
 Metaspace       used 41725K, committed 42176K, reserved 1089536K
  class space    used 5821K, committed 6016K, reserved 1048576K
}
Event: 24271.537 GC heap before
{Heap before GC invocations=468 (full 402):
 garbage-first heap   total 78848K, used 23223K [0x00000000e2400000, 0x0000000100000000)
  region size 1024K, 1 young (1024K), 0 survivors (0K)
 Metaspace       used 41725K, committed 42176K, reserved 1089536K
  class space    used 5821K, committed 6016K, reserved 1048576K
}
Event: 24271.781 GC heap after
{Heap after GC invocations=469 (full 403):
 garbage-first heap   total 78848K, used 23223K [0x00000000e2400000, 0x0000000100000000)
  region size 1024K, 0 young (0K), 0 survivors (0K)
 Metaspace       used 41725K, committed 42176K, reserved 1089536K
  class space    used 5821K, committed 6016K, reserved 1048576K
}
Event: 24282.303 GC heap before
{Heap before GC invocations=469 (full 403):
 garbage-first heap   total 78848K, used 23223K [0x00000000e2400000, 0x0000000100000000)
  region size 1024K, 1 young (1024K), 0 survivors (0K)
 Metaspace       used 41725K, committed 42176K, reserved 1089536K
  class space    used 5821K, committed 6016K, reserved 1048576K
}
Event: 24282.437 GC heap after
{Heap after GC invocations=470 (full 404):
 garbage-first heap   total 78848K, used 23223K [0x00000000e2400000, 0x0000000100000000)
  region size 1024K, 0 young (0K), 0 survivors (0K)
 Metaspace       used 41725K, committed 42176K, reserved 1089536K
  class space    used 5821K, committed 6016K, reserved 1048576K
}
Event: 24292.999 GC heap before
{Heap before GC invocations=470 (full 404):
 garbage-first heap   total 78848K, used 23223K [0x00000000e2400000, 0x0000000100000000)
  region size 1024K, 1 young (1024K), 0 survivors (0K)
 Metaspace       used 41725K, committed 42176K, reserved 1089536K
  class space    used 5821K, committed 6016K, reserved 1048576K
}
Event: 24293.247 GC heap after
{Heap after GC invocations=471 (full 405):
 garbage-first heap   total 78848K, used 23223K [0x00000000e2400000, 0x0000000100000000)
  region size 1024K, 0 young (0K), 0 survivors (0K)
 Metaspace       used 41725K, committed 42176K, reserved 1089536K
  class space    used 5821K, committed 6016K, reserved 1048576K
}
Event: 24303.805 GC heap before
{Heap before GC invocations=471 (full 405):
 garbage-first heap   total 78848K, used 23223K [0x00000000e2400000, 0x0000000100000000)
  region size 1024K, 1 young (1024K), 0 survivors (0K)
 Metaspace       used 41725K, committed 42176K, reserved 1089536K
  class space    used 5821K, committed 6016K, reserved 1048576K
}
Event: 24303.912 GC heap after
{Heap after GC invocations=472 (full 406):
 garbage-first heap   total 78848K, used 23223K [0x00000000e2400000, 0x0000000100000000)
  region size 1024K, 0 young (0K), 0 survivors (0K)
 Metaspace       used 41725K, committed 42176K, reserved 1089536K
  class space    used 5821K, committed 6016K, reserved 1048576K
}
Event: 24315.026 GC heap before
{Heap before GC invocations=472 (full 406):
 garbage-first heap   total 78848K, used 23223K [0x00000000e2400000, 0x0000000100000000)
  region size 1024K, 1 young (1024K), 0 survivors (0K)
 Metaspace       used 41725K, committed 42176K, reserved 1089536K
  class space    used 5821K, committed 6016K, reserved 1048576K
}
Event: 24315.124 GC heap after
{Heap after GC invocations=473 (full 407):
 garbage-first heap   total 78848K, used 23223K [0x00000000e2400000, 0x0000000100000000)
  region size 1024K, 0 young (0K), 0 survivors (0K)
 Metaspace       used 41725K, committed 42176K, reserved 1089536K
  class space    used 5821K, committed 6016K, reserved 1048576K
}
Event: 24325.618 GC heap before
{Heap before GC invocations=473 (full 407):
 garbage-first heap   total 78848K, used 23223K [0x00000000e2400000, 0x0000000100000000)
  region size 1024K, 1 young (1024K), 0 survivors (0K)
 Metaspace       used 41725K, committed 42176K, reserved 1089536K
  class space    used 5821K, committed 6016K, reserved 1048576K
}
Event: 24325.729 GC heap after
{Heap after GC invocations=474 (full 408):
 garbage-first heap   total 78848K, used 23223K [0x00000000e2400000, 0x0000000100000000)
  region size 1024K, 0 young (0K), 0 survivors (0K)
 Metaspace       used 41725K, committed 42176K, reserved 1089536K
  class space    used 5821K, committed 6016K, reserved 1048576K
}
Event: 24336.625 GC heap before
{Heap before GC invocations=474 (full 408):
 garbage-first heap   total 78848K, used 23223K [0x00000000e2400000, 0x0000000100000000)
  region size 1024K, 1 young (1024K), 0 survivors (0K)
 Metaspace       used 41725K, committed 42176K, reserved 1089536K
  class space    used 5821K, committed 6016K, reserved 1048576K
}
Event: 24337.116 GC heap after
{Heap after GC invocations=475 (full 409):
 garbage-first heap   total 78848K, used 23223K [0x00000000e2400000, 0x0000000100000000)
  region size 1024K, 0 young (0K), 0 survivors (0K)
 Metaspace       used 41725K, committed 42176K, reserved 1089536K
  class space    used 5821K, committed 6016K, reserved 1048576K
}

